This is pdfTeX, Version 3.1415926-1.40.10 (TeX Live 2009/Debian) (format=latex 2011.2.28)  4 MAR 2011 09:58
entering extended mode
 restricted \write18 enabled.
 %&-line parsing enabled.
**writeup.tex
(./writeup.tex
LaTeX2e <2009/09/24>
Babel <v3.8l> and hyphenation patterns for english, usenglishmax, dumylang, noh
yphenation, pinyin, loaded.
(/usr/share/texmf-texlive/tex/latex/base/article.cls
Document Class: article 2007/10/19 v1.4h Standard LaTeX document class
(/usr/share/texmf-texlive/tex/latex/base/size10.clo
File: size10.clo 2007/10/19 v1.4h Standard LaTeX file (size option)
)
\c@part=\count79
\c@section=\count80
\c@subsection=\count81
\c@subsubsection=\count82
\c@paragraph=\count83
\c@subparagraph=\count84
\c@figure=\count85
\c@table=\count86
\abovecaptionskip=\skip41
\belowcaptionskip=\skip42
\bibindent=\dimen102
)
(/usr/share/texmf-texlive/tex/latex/amsmath/amsmath.sty
Package: amsmath 2000/07/18 v2.13 AMS math features
\@mathmargin=\skip43

For additional information on amsmath, use the `?' option.
(/usr/share/texmf-texlive/tex/latex/amsmath/amstext.sty
Package: amstext 2000/06/29 v2.01

(/usr/share/texmf-texlive/tex/latex/amsmath/amsgen.sty
File: amsgen.sty 1999/11/30 v2.0
\@emptytoks=\toks14
\ex@=\dimen103
))
(/usr/share/texmf-texlive/tex/latex/amsmath/amsbsy.sty
Package: amsbsy 1999/11/29 v1.2d
\pmbraise@=\dimen104
)
(/usr/share/texmf-texlive/tex/latex/amsmath/amsopn.sty
Package: amsopn 1999/12/14 v2.01 operator names
)
\inf@bad=\count87
LaTeX Info: Redefining \frac on input line 211.
\uproot@=\count88
\leftroot@=\count89
LaTeX Info: Redefining \overline on input line 307.
\classnum@=\count90
\DOTSCASE@=\count91
LaTeX Info: Redefining \ldots on input line 379.
LaTeX Info: Redefining \dots on input line 382.
LaTeX Info: Redefining \cdots on input line 467.
\Mathstrutbox@=\box26
\strutbox@=\box27
\big@size=\dimen105
LaTeX Font Info:    Redeclaring font encoding OML on input line 567.
LaTeX Font Info:    Redeclaring font encoding OMS on input line 568.
\macc@depth=\count92
\c@MaxMatrixCols=\count93
\dotsspace@=\muskip10
\c@parentequation=\count94
\dspbrk@lvl=\count95
\tag@help=\toks15
\row@=\count96
\column@=\count97
\maxfields@=\count98
\andhelp@=\toks16
\eqnshift@=\dimen106
\alignsep@=\dimen107
\tagshift@=\dimen108
\tagwidth@=\dimen109
\totwidth@=\dimen110
\lineht@=\dimen111
\@envbody=\toks17
\multlinegap=\skip44
\multlinetaggap=\skip45
\mathdisplay@stack=\toks18
LaTeX Info: Redefining \[ on input line 2666.
LaTeX Info: Redefining \] on input line 2667.
)
(/usr/share/texmf-texlive/tex/latex/amscls/amsthm.sty
Package: amsthm 2004/08/06 v2.20
\thm@style=\toks19
\thm@bodyfont=\toks20
\thm@headfont=\toks21
\thm@notefont=\toks22
\thm@headpunct=\toks23
\thm@preskip=\skip46
\thm@postskip=\skip47
\thm@headsep=\skip48
\dth@everypar=\toks24
)
(/usr/share/texmf-texlive/tex/latex/amsfonts/amssymb.sty
Package: amssymb 2009/06/22 v3.00

(/usr/share/texmf-texlive/tex/latex/amsfonts/amsfonts.sty
Package: amsfonts 2009/06/22 v3.00 Basic AMSFonts support
\symAMSa=\mathgroup4
\symAMSb=\mathgroup5
LaTeX Font Info:    Overwriting math alphabet `\mathfrak' in version `bold'
(Font)                  U/euf/m/n --> U/euf/b/n on input line 96.
))
(/usr/share/texmf-texlive/tex/latex/graphics/graphicx.sty
Package: graphicx 1999/02/16 v1.0f Enhanced LaTeX Graphics (DPC,SPQR)

(/usr/share/texmf-texlive/tex/latex/graphics/keyval.sty
Package: keyval 1999/03/16 v1.13 key=value parser (DPC)
\KV@toks@=\toks25
)
(/usr/share/texmf-texlive/tex/latex/graphics/graphics.sty
Package: graphics 2009/02/05 v1.0o Standard LaTeX Graphics (DPC,SPQR)

(/usr/share/texmf-texlive/tex/latex/graphics/trig.sty
Package: trig 1999/03/16 v1.09 sin cos tan (DPC)
)
(/etc/texmf/tex/latex/config/graphics.cfg
File: graphics.cfg 2009/08/28 v1.8 graphics configuration of TeX Live
)
Package graphics Info: Driver file: dvips.def on input line 91.

(/usr/share/texmf-texlive/tex/latex/graphics/dvips.def
File: dvips.def 1999/02/16 v3.0i Driver-dependant file (DPC,SPQR)
))
\Gin@req@height=\dimen112
\Gin@req@width=\dimen113
)
(/usr/share/texmf-texlive/tex/latex/pstricks/pstricks.sty
Package: pstricks 2008/11/26 v0.40 LaTeX wrapper for `PSTricks' (RN,HV)

(/usr/share/texmf-texlive/tex/generic/pstricks/pstricks.tex
`PSTricks' v1.29  <2009/05/19> (tvz)
\pst@dima=\dimen114
\pst@dimb=\dimen115
\pst@dimc=\dimen116
\pst@dimd=\dimen117
\pst@dimg=\dimen118
\pst@dimh=\dimen119
\pst@hbox=\box28
\pst@boxg=\box29
\pst@cnta=\count99
\pst@cntb=\count100
\pst@cntc=\count101
\pst@cntd=\count102
\pst@cntg=\count103
\pst@cnth=\count104
\pst@toks=\toks26
(/usr/share/texmf-texlive/tex/generic/pstricks/pstricks.con)
\psunit=\dimen120
\psxunit=\dimen121
\psyunit=\dimen122
\pslinewidth=\dimen123
\pst@customdefs=\toks27
\pslinearc=\dimen124
\everypsbox=\toks28
\psframesep=\dimen125
\pslabelsep=\dimen126
\pst@shift=\dimen127
\theoverlaybox=\box30
)
File: pstricks.tex 2009/05/19 v1.29 `PSTricks' (tvz,hv)

(/usr/share/texmf/tex/latex/xcolor/xcolor.sty
Package: xcolor 2007/01/21 v2.11 LaTeX color extensions (UK)

(/etc/texmf/tex/latex/config/color.cfg
File: color.cfg 2007/01/18 v1.5 color configuration of teTeX/TeXLive
)
Package xcolor Info: Driver file: dvips.def on input line 225.
Package xcolor Info: Model `cmy' substituted by `cmy0' on input line 1337.
Package xcolor Info: Model `RGB' extended on input line 1353.
Package xcolor Info: Model `HTML' substituted by `rgb' on input line 1355.
Package xcolor Info: Model `Hsb' substituted by `hsb' on input line 1356.
Package xcolor Info: Model `tHsb' substituted by `hsb' on input line 1357.
Package xcolor Info: Model `HSB' substituted by `hsb' on input line 1358.
Package xcolor Info: Model `Gray' substituted by `gray' on input line 1359.
Package xcolor Info: Model `wave' substituted by `hsb' on input line 1360.
))
(/usr/share/texmf-texlive/tex/latex/pstricks/pst-all.sty
Package: pst-all 2008/01/01 the main pstricks tools

(/usr/share/texmf-texlive/tex/latex/pstricks/pst-node.sty
Package: pst-node 2010/04/22 package wrapper for pst-node.tex

(/usr/share/texmf-texlive/tex/generic/pstricks/pst-node.tex
(/usr/share/texmf-texlive/tex/generic/xkeyval/pst-xkey.tex
File: pst-xkey.tex 2005/11/25 v1.6 PSTricks specialization of xkeyval (HA)

(/usr/share/texmf-texlive/tex/latex/xkeyval/xkeyval.sty
Package: xkeyval 2008/08/13 v2.6a package option processing (HA)

(/usr/share/texmf-texlive/tex/generic/xkeyval/xkeyval.tex
\XKV@toks=\toks29
\XKV@tempa@toks=\toks30
\XKV@depth=\count105
File: xkeyval.tex 2008/08/13 v2.6a key=value parser (HA)
)))
 v1.14, 2010/12/28
\psrow=\count106
\pscol=\count107
\psmatrixcnt=\count108
\psrowsep=\skip49
\pscolsep=\skip50
\pst@args=\count109
\num@pts=\count110
\pst@argcnt=\count111
)
File: pst-node.tex 2010/12/28 1.14 `pst-node' (tvz)
) (/usr/share/texmf-texlive/tex/latex/pst-tree/pst-tree.sty
Package: pst-tree 2009/01/25 package wrapper for pst-tree.tex

(/usr/share/texmf-texlive/tex/generic/pst-tree/pst-tree.tex
 v1.11, 2009/09/17(tvz,dg,hv)
\pstree@rootbox=\box31
\pstree@box=\box32
\psnodecnt=\count112
\pstreelevel=\count113
\pstreecnt=\count114
\pstree@cnt=\count115
\pstree@stop=\count116
)
File: pst-tree.tex 2009/09/17 1.11 `pst-tree' (tvz,hv)
)
(/usr/share/texmf-texlive/tex/latex/pstricks/pst-plot.sty
Package: pst-plot 2004/07/15 package wrapper for pst-plot.tex

(/usr/share/texmf-texlive/tex/generic/pstricks/pst-plot.tex
(/usr/share/texmf-texlive/tex/generic/multido/multido.tex
 v1.41, 2004/05/18 <tvz>
\multido@count=\count117
\multidocount=\count118
\multido@stuff=\toks31
)  v1.04, 2009/06/08)
File: pst-plot.tex 2009/06/08 1.04 `pst-plot' (tvz)
)
(/usr/share/texmf-texlive/tex/latex/pst-grad/pst-grad.sty
Package: pst-grad 2004/07/15 package wrapper for pst-grad.tex (hv)

(/usr/share/texmf-texlive/tex/generic/pst-grad/pst-grad.tex
`pst-grad' v1.06, 2006/11/27 (tvz,dg,hv))
File: pst-grad.tex 2006/11/27 1.06 `pst-grad' (tvz)
)
(/usr/share/texmf-texlive/tex/latex/pst-coil/pst-coil.sty
Package: pst-coil 2006/08/11 package wrapper for pst-coil.tex (hv)

(/usr/share/texmf-texlive/tex/generic/pst-coil/pst-coil.tex  v1.06, 2006/11/27)
File: pst-coil.tex 2006/11/05 v1.00 `pst-coil' (tvz)
) (/usr/share/texmf-texlive/tex/latex/pst-text/pst-text.sty
Package: pst-text 2006/01/01 package wrapper for pst-text.tex (hv)

(/usr/share/texmf-texlive/tex/generic/pst-text/pst-text.tex
 v1.00, 2006/11/05(tvz,hv))
File: pst-text.tex 2006/11/05 1.00 `pst-text' (tvz)
)
(/usr/share/texmf-texlive/tex/latex/pst-3d/pst-3d.sty
Package: pst-3d 2005/09/02 package wrapper for pst-3d.tex (hv)

(/usr/share/texmf-texlive/tex/generic/pst-3d/pst-3d.tex
`PST-3d' v1.00, 2005/09/03 (tvz))
File: pst-3d.tex 2005/09/03 v1.00 `PST-3d' (tvz)
)
(/usr/share/texmf-texlive/tex/latex/pst-eps/pst-eps.sty
Package: pst-eps 2005/05/20 package wrapper for pst-eps.tex (hv)

(/usr/share/texmf-texlive/tex/generic/pst-eps/pst-eps.tex  v1.00, 2006/11/04
\pst@epsout=\write3
\pst@tempout=\write4
)
File: pst-eps.tex 2006/11/04 1.00 `pst-eps' (tvz)
)
(/usr/share/texmf-texlive/tex/latex/pst-fill/pst-fill.sty
Package: pst-fill 2005/09/13 package wrapper for pst-fill.tex (hv)

(/usr/share/texmf-texlive/tex/generic/pst-fill/pst-fill.tex
`PST-Fill' v1.01, 2007/03/10 (tvz,dg,hv)
\pst@fillbox=\box33
)
File: pst-fill.tex 2007/03/10 v1.01 `PST-fill' (tvz,dg)
)
(/usr/share/texmf-texlive/tex/latex/pstricks-add/pstricks-add.sty
Package: pstricks-add 2009/03/17 v. 0.13 package wrapper for pstricks-add.tex (
hv)

(/usr/share/texmf-texlive/tex/generic/pstricks-add/pstricks-add.tex
(/usr/share/texmf-texlive/tex/generic/pstricks-add/pst-fp.tex
`pst-fp' v0.02, 2009/04/02 (hv)
\pstFP@xs=\count119
\pstFP@xia=\count120
\pstFP@xib=\count121
\pstFP@xfa=\count122
\pstFP@xfb=\count123
\pstFP@rega=\count124
\pstFP@regb=\count125
\pstFP@regs=\count126
\pstFP@times=\count127
)
(/usr/share/texmf-texlive/tex/generic/pst-math/pst-math.tex
`pst-math' v0.23 , (CJ,hv)) `pstricks-add' v3.35, 2009/10/12 (dr,hv)
\pst@dimm=\dimen128
\pst@dimn=\dimen129
\pst@dimo=\dimen130
\pst@dimp=\dimen131
\pst@cntm=\count128
\pst@cntn=\count129
\pst@cnto=\count130
\pst@cntp=\count131
\@zero=\count132
\pstRadUnit=\dimen132
\pstRadUnitInv=\dimen133
\pshooklength=\dimen134
\pshookwidth=\dimen135
\@digitcounter=\count133
\psk@subticksize=\dimen136
\pst@xticksizeA=\dimen137
\pst@xticksizeB=\dimen138
\pst@xticksizeC=\dimen139
\pst@yticksizeA=\dimen140
\pst@yticksizeB=\dimen141
\pst@yticksizeC=\dimen142
\psk@llx=\dimen143
\psk@lly=\dimen144
\psk@urx=\dimen145
\psk@ury=\dimen146
\pst@xunit=\dimen147
\pst@yunit=\dimen148
\linecnt=\count134
\chart@ColorIndex=\dimen149
\chart@ColorStep=\dimen150
\pst@chartHeight=\dimen151
\pst@chartStackDepth=\dimen152
\pst@chartStackWidth=\dimen153
\chart@Toggle=\count135
)
File: pstricks-add.tex 2009/10/12 v3.35 `PSTricks-add' (hv)
)
(/usr/share/texmf-texlive/tex/latex/multido/multido.sty
Package: multido 2004/05/17 package wrapper for PSTricks `multido.tex', (HV/RN)

))
(/usr/share/texmf-texlive/tex/latex/pst-eucl/pst-eucl.sty
Package: pst-eucl 2005/05/14 package wrapper for PSTricks pst-eucl.tex

(/usr/share/texmf-texlive/tex/generic/pst-eucl/pst-eucl.tex
`PST-Euclide v1.3.5, 2006/01/30 (Dominique RODRIGUEZ)
 This version uses the pst-xkey package for managing parameters
 Please read the doc, some macros have a new syntax
 use option old for upward compatibility
(/usr/share/texmf-texlive/tex/generic/xkeyval/pst-xkey.tex))
File: pst-eucl.tex 2006/01/30 v1.3.5 `PST-eucl' (dr)
)
(/usr/share/texmf-texlive/tex/latex/psfrag/psfrag.sty
Package: psfrag 1998/04/11 v3.04 PSfrag (MCG)
\pfg@pcount=\count136
\pfg@scount=\count137
\pfg@temp=\write5
)
(/usr/share/texmf-texlive/tex/latex/booktabs/booktabs.sty
Package: booktabs 2005/04/14 v1.61803 publication quality tables
\heavyrulewidth=\dimen154
\lightrulewidth=\dimen155
\cmidrulewidth=\dimen156
\belowrulesep=\dimen157
\belowbottomsep=\dimen158
\aboverulesep=\dimen159
\abovetopsep=\dimen160
\cmidrulesep=\dimen161
\cmidrulekern=\dimen162
\defaultaddspace=\dimen163
\@cmidla=\count138
\@cmidlb=\count139
\@aboverulesep=\dimen164
\@belowrulesep=\dimen165
\@thisruleclass=\count140
\@lastruleclass=\count141
\@thisrulewidth=\dimen166
)
(/usr/share/texmf-texlive/tex/latex/subfigure/subfigure.sty
Package: subfigure 2002/03/15 v2.1.5 subfigure package
\subfigtopskip=\skip51
\subfigcapskip=\skip52
\subfigcaptopadj=\dimen167
\subfigbottomskip=\skip53
\subfigcapmargin=\dimen168
\subfiglabelskip=\skip54
\c@subfigure=\count142
\c@lofdepth=\count143
\c@subtable=\count144
\c@lotdepth=\count145

****************************************
* Local config file subfigure.cfg used *
****************************************
(/usr/share/texmf-texlive/tex/latex/subfigure/subfigure.cfg)
\subfig@top=\skip55
\subfig@bottom=\skip56
)
(/usr/share/texmf-texlive/tex/latex/jknapltx/mathrsfs.sty
Package: mathrsfs 1996/01/01 Math RSFS package v1.0 (jk)
\symrsfs=\mathgroup6
)
(/usr/share/texmf-texlive/tex/latex/base/textcomp.sty
Package: textcomp 2005/09/27 v1.99g Standard LaTeX package
Package textcomp Info: Sub-encoding information:
(textcomp)               5 = only ISO-Adobe without \textcurrency
(textcomp)               4 = 5 + \texteuro
(textcomp)               3 = 4 + \textohm
(textcomp)               2 = 3 + \textestimated + \textcurrency
(textcomp)               1 = TS1 - \textcircled - \t
(textcomp)               0 = TS1 (full)
(textcomp)             Font families with sub-encoding setting implement
(textcomp)             only a restricted character set as indicated.
(textcomp)             Family '?' is the default used for unknown fonts.
(textcomp)             See the documentation for details.
Package textcomp Info: Setting ? sub-encoding to TS1/1 on input line 71.

(/usr/share/texmf-texlive/tex/latex/base/ts1enc.def
File: ts1enc.def 2001/06/05 v3.0e (jk/car/fm) Standard LaTeX file
)
LaTeX Info: Redefining \oldstylenums on input line 266.
Package textcomp Info: Setting cmr sub-encoding to TS1/0 on input line 281.
Package textcomp Info: Setting cmss sub-encoding to TS1/0 on input line 282.
Package textcomp Info: Setting cmtt sub-encoding to TS1/0 on input line 283.
Package textcomp Info: Setting cmvtt sub-encoding to TS1/0 on input line 284.
Package textcomp Info: Setting cmbr sub-encoding to TS1/0 on input line 285.
Package textcomp Info: Setting cmtl sub-encoding to TS1/0 on input line 286.
Package textcomp Info: Setting ccr sub-encoding to TS1/0 on input line 287.
Package textcomp Info: Setting ptm sub-encoding to TS1/4 on input line 288.
Package textcomp Info: Setting pcr sub-encoding to TS1/4 on input line 289.
Package textcomp Info: Setting phv sub-encoding to TS1/4 on input line 290.
Package textcomp Info: Setting ppl sub-encoding to TS1/3 on input line 291.
Package textcomp Info: Setting pag sub-encoding to TS1/4 on input line 292.
Package textcomp Info: Setting pbk sub-encoding to TS1/4 on input line 293.
Package textcomp Info: Setting pnc sub-encoding to TS1/4 on input line 294.
Package textcomp Info: Setting pzc sub-encoding to TS1/4 on input line 295.
Package textcomp Info: Setting bch sub-encoding to TS1/4 on input line 296.
Package textcomp Info: Setting put sub-encoding to TS1/5 on input line 297.
Package textcomp Info: Setting uag sub-encoding to TS1/5 on input line 298.
Package textcomp Info: Setting ugq sub-encoding to TS1/5 on input line 299.
Package textcomp Info: Setting ul8 sub-encoding to TS1/4 on input line 300.
Package textcomp Info: Setting ul9 sub-encoding to TS1/4 on input line 301.
Package textcomp Info: Setting augie sub-encoding to TS1/5 on input line 302.
Package textcomp Info: Setting dayrom sub-encoding to TS1/3 on input line 303.
Package textcomp Info: Setting dayroms sub-encoding to TS1/3 on input line 304.

Package textcomp Info: Setting pxr sub-encoding to TS1/0 on input line 305.
Package textcomp Info: Setting pxss sub-encoding to TS1/0 on input line 306.
Package textcomp Info: Setting pxtt sub-encoding to TS1/0 on input line 307.
Package textcomp Info: Setting txr sub-encoding to TS1/0 on input line 308.
Package textcomp Info: Setting txss sub-encoding to TS1/0 on input line 309.
Package textcomp Info: Setting txtt sub-encoding to TS1/0 on input line 310.
Package textcomp Info: Setting futs sub-encoding to TS1/4 on input line 311.
Package textcomp Info: Setting futx sub-encoding to TS1/4 on input line 312.
Package textcomp Info: Setting futj sub-encoding to TS1/4 on input line 313.
Package textcomp Info: Setting hlh sub-encoding to TS1/3 on input line 314.
Package textcomp Info: Setting hls sub-encoding to TS1/3 on input line 315.
Package textcomp Info: Setting hlst sub-encoding to TS1/3 on input line 316.
Package textcomp Info: Setting hlct sub-encoding to TS1/5 on input line 317.
Package textcomp Info: Setting hlx sub-encoding to TS1/5 on input line 318.
Package textcomp Info: Setting hlce sub-encoding to TS1/5 on input line 319.
Package textcomp Info: Setting hlcn sub-encoding to TS1/5 on input line 320.
Package textcomp Info: Setting hlcw sub-encoding to TS1/5 on input line 321.
Package textcomp Info: Setting hlcf sub-encoding to TS1/5 on input line 322.
Package textcomp Info: Setting pplx sub-encoding to TS1/3 on input line 323.
Package textcomp Info: Setting pplj sub-encoding to TS1/3 on input line 324.
Package textcomp Info: Setting ptmx sub-encoding to TS1/4 on input line 325.
Package textcomp Info: Setting ptmj sub-encoding to TS1/4 on input line 326.
)
(/usr/share/texmf-texlive/tex/latex/siunitx/siunitx.sty
Package: siunitx 2009/09/21 v1.3a A comprehensive (SI) units package

(/usr/share/texmf-texlive/tex/latex/tools/array.sty
Package: array 2008/09/09 v2.4c Tabular extension package (FMi)
\col@sep=\dimen169
\extrarowheight=\dimen170
\NC@list=\toks32
\extratabsurround=\skip57
\backup@length=\skip58
)
(/usr/share/texmf-texlive/tex/latex/tools/xspace.sty
Package: xspace 2006/05/08 v1.12 Space after command names (DPC,MH)
)
\si@tempboxa=\box34
\si@tempboxb=\box35
\si@tempboxc=\box36
\si@tempboxd=\box37
\si@temptoks=\toks33
\si@tab@mantprecnt=\count146
\si@tab@mantpostcnt=\count147
\si@tab@expprecnt=\count148
\si@tab@exppostcnt=\count149
\si@num@dp=\count150
\si@num@sf=\count151
LaTeX Font Info:    Redeclaring font encoding TS1 on input line 829.
\si@eVcorra=\skip59
\si@eVcorrb=\skip60
\si@frc@displen=\skip61
\si@frc@textlen=\skip62
\si@frc@suplen=\skip63
\si@frc@ssuplen=\skip64
\si@num@rndtarget=\count152
\si@tab@toks=\toks34
\si@tab@pretoks=\toks35
\si@tab@posttoks=\toks36
\si@tempcnta=\count153
\si@tempcntb=\count154
\si@tab@prebox=\box38
\si@tab@midbox=\box39
\si@tab@postbox=\box40
\si@tab@expbox=\box41
\si@tab@predim=\dimen171
\si@tab@postdim=\dimen172
\si@tab@expdim=\dimen173
\si@tempdima=\dimen174
\si@tempdimb=\dimen175
\si@unt@unitcnta=\count155
\si@unt@unitcntb=\count156
\si@unt@depthcnt=\count157
\si@unt@prefixcnt=\count158
\si@unt@powerdim=\dimen176

(/usr/share/texmf-texlive/tex/latex/siunitx/config/si-prefix.cfg
File: si-prefix.cfg 2009/09/21 v1.3a siunitx: SI Multiple prefixes
Package siunitx Info: Redefining unit \kilogram on input line 46.
)
(/usr/share/texmf-texlive/tex/latex/siunitx/config/si-named.cfg
File: si-named.cfg 2009/09/21 v1.3a siunitx: SI Named units
)
(/usr/share/texmf-texlive/tex/latex/siunitx/config/si-addn.cfg
File: si-addn.cfg 2009/09/21 v1.3a siunitx: SI Additional units
)
(/usr/share/texmf-texlive/tex/latex/siunitx/config/si-prefixed.cfg
File: si-prefixed.cfg 2009/09/21 v1.3a siunitx: SI Prefixed units

(/usr/share/texmf-texlive/tex/latex/siunitx/config/si-accepted.cfg
File: si-accepted.cfg 2009/09/21 v1.3a siunitx: SI Accepted units
)
(/usr/share/texmf-texlive/tex/latex/siunitx/config/si-physical.cfg
File: si-physical.cfg 2009/09/21 v1.3a siunitx: SI Physically-measured units
))
(/usr/share/texmf-texlive/tex/latex/siunitx/config/si-abbr.cfg
File: si-abbr.cfg 2009/09/21 v1.3a siunitx: Abbreviated units
))
(/usr/share/texmf-texlive/tex/latex/preprint/fullpage.sty
Package: fullpage 1999/02/23 1.1 (PWD)
\FP@margin=\skip65
)
(/usr/share/texmf-texlive/tex/latex/tools/enumerate.sty
Package: enumerate 1999/03/05 v3.00 enumerate extensions (DPC)
\@enLab=\toks37
)
(/usr/share/texmf-texlive/tex/latex/overpic/overpic.sty
Package: overpic 1999/07/04 v0.52  Overwriting eps pictures

Package: overpic v0.52 <1999/07/04> (RN)
(/usr/share/texmf-texlive/tex/latex/eepic/epic.sty
Enhancements to Picture Environment. Version 1.2 - Released June 1, 1986
\@@multicnt=\count159
\d@lta=\count160
\@delta=\dimen177
\@@delta=\dimen178
\@gridcnt=\count161
\@joinkind=\count162
\@dotgap=\dimen179
\@ddotgap=\dimen180
\@x@diff=\count163
\@y@diff=\count164
\x@diff=\dimen181
\y@diff=\dimen182
\@dotbox=\box42
\num@segments=\count165
\num@segmentsi=\count166
\@datafile=\read1
)
overpic: absolute positioning in \unitlength 
) (./writeup.aux)
\openout1 = `writeup.aux'.

LaTeX Font Info:    Checking defaults for OML/cmm/m/it on input line 29.
LaTeX Font Info:    ... okay on input line 29.
LaTeX Font Info:    Checking defaults for T1/cmr/m/n on input line 29.
LaTeX Font Info:    ... okay on input line 29.
LaTeX Font Info:    Checking defaults for OT1/cmr/m/n on input line 29.
LaTeX Font Info:    ... okay on input line 29.
LaTeX Font Info:    Checking defaults for OMS/cmsy/m/n on input line 29.
LaTeX Font Info:    ... okay on input line 29.
LaTeX Font Info:    Checking defaults for OMX/cmex/m/n on input line 29.
LaTeX Font Info:    ... okay on input line 29.
LaTeX Font Info:    Checking defaults for U/cmr/m/n on input line 29.
LaTeX Font Info:    ... okay on input line 29.
LaTeX Font Info:    Checking defaults for TS1/cmr/m/n on input line 29.
LaTeX Font Info:    Try loading font information for TS1+cmr on input line 29.
 (/usr/share/texmf-texlive/tex/latex/base/ts1cmr.fd
File: ts1cmr.fd 1999/05/25 v2.5h Standard LaTeX font definitions
)
LaTeX Font Info:    ... okay on input line 29.
Package siunitx Info: xfrac package unavailable
(siunitx)             using `fraction=sfrac' will fall back on
(siunitx)             nicefrac-like method on input line 29.
LaTeX Font Info:    Try loading font information for U+msa on input line 29.

(/usr/share/texmf-texlive/tex/latex/amsfonts/umsa.fd
File: umsa.fd 2009/06/22 v3.00 AMS symbols A
)
LaTeX Font Info:    Try loading font information for U+msb on input line 29.

(/usr/share/texmf-texlive/tex/latex/amsfonts/umsb.fd
File: umsb.fd 2009/06/22 v3.00 AMS symbols B
)
LaTeX Font Info:    Try loading font information for U+rsfs on input line 29.

(/usr/share/texmf-texlive/tex/latex/jknapltx/ursfs.fd
File: ursfs.fd 1998/03/24 rsfs font definition file (jk)
)
(./simulation/simulation.tex
Underfull \hbox (badness 10000) in paragraph at lines 57--57

 []


Underfull \hbox (badness 10000) in paragraph at lines 61--61

 []


Underfull \hbox (badness 10000) in paragraph at lines 64--64

 []

[1

]
Overfull \hbox (0.43939pt too wide) in paragraph at lines 128--132
[]\OT1/cmr/m/n/10 Weirdospace im-ages in a 64 bit float-ing point HDF5 files. T
he im-ages are names \OT1/cmtt/m/n/10 XXXXX-scatter.h5\OT1/cmr/m/n/10 ,
 []

[2]
File: simulation/hsvradial.eps Graphic file (type eps)
 <simulation/hsvradial.eps>) (./stats/stats.tex [3]) [4]
(./clevergrid/clevergrid.tex
File: simulation/singlescatt.eps Graphic file (type eps)
 <simulation/singlescatt.eps>
File: simulation/singlescattnotpip.eps Graphic file (type eps)

<simulation/singlescattnotpip.eps>
File: simulation/multiplescatt.eps Graphic file (type eps)
 <simulation/multiplescatt.eps>
File: simulation/multiplescattnotip.eps Graphic file (type eps)

<simulation/multiplescattnotip.eps>) (./events/events.tex [5] [6]
File: events/nuback-expected.eps Graphic file (type eps)

<events/nuback-expected.eps>
File: events/bestfit.eps Graphic file (type eps)
 <events/bestfit.eps> [7]
File: events/primaryonly.eps Graphic file (type eps)
 <events/primaryonly.eps>
File: events/secondaryonly.eps Graphic file (type eps)

<events/secondaryonly.eps>
File: events/sumsq.eps Graphic file (type eps)
 <events/sumsq.eps>
File: events/primaryplussecondary1.eps Graphic file (type eps)

<events/primaryplussecondary1.eps>
File: events/primaryplussecondary1.eps Graphic file (type eps)
 <events/primaryplussecondary1.eps>
Underfull \hbox (badness 10000) in paragraph at lines 184--184
[]\OT1/cmr/m/n/8 (a)
 []

File: events/primaryplussecondary2.eps Graphic file (type eps)
<events/primaryplussecondary2.eps>
Underfull \hbox (badness 10000) in paragraph at lines 187--187
[]\OT1/cmr/m/n/8 (b)
 []

File: events/cbsstripedata.eps Graphic file (type eps)
<events/cbsstripedata.eps>) (./compare/compare.tex [8] [9]
File: compare/allcmp/00180-theory.eps Graphic file (type eps)

<compare/allcmp/00180-theory.eps>
File: compare/allcmp/blank.eps Graphic file (type eps)
 <compare/allcmp/blank.eps>
File: compare/allcmp/blank.eps Graphic file (type eps)

<compare/allcmp/blank.eps>
File: compare/allcmp/blank.eps Graphic file (type eps)
 <compare/allcmp/blank.eps>
File: compare/allcmp/00180a-scatter.eps Graphic file (type eps)

<compare/allcmp/00180a-scatter.eps>
File: compare/allcmp/00180b-scatter.eps Graphic file (type eps)
 <compare/allcmp/00180b-scatter.eps>
File: compare/allcmp/blank.eps Graphic file (type eps)

<compare/allcmp/blank.eps>
File: compare/allcmp/blank.eps Graphic file (type eps)
 <compare/allcmp/blank.eps>
File: compare/allcmp/00180-01368_circ414.eps Graphic file (type eps)

<compare/allcmp/00180-01368_circ414.eps>
File: compare/allcmp/00180-01441_circ434.eps Graphic file (type eps)

<compare/allcmp/00180-01441_circ434.eps>
File: compare/allcmp/00180-01495_circ646.eps Graphic file (type eps)

<compare/allcmp/00180-01495_circ646.eps>
File: compare/allcmp/00180-01576_circ559.eps Graphic file (type eps)

<compare/allcmp/00180-01576_circ559.eps>
File: compare/allcmp/00002-scatter.eps Graphic file (type eps)
 <compare/allcmp/00002-scatter.eps>
File: compare/allcmp/00002-theory.eps Graphic file (type eps)

<compare/allcmp/00002-theory.eps>
File: compare/allcmp/00085-theory.eps Graphic file (type eps)
 <compare/allcmp/00085-theory.eps>
File: compare/allcmp/blank.eps Graphic file (type eps)

<compare/allcmp/blank.eps>
File: compare/allcmp/00085-scatter.eps Graphic file (type eps)
 <compare/allcmp/00085-scatter.eps>
File: compare/allcmp/blank.eps Graphic file (type eps)

<compare/allcmp/blank.eps>
File: compare/allcmp/00085-00982_circ427.eps Graphic file (type eps)
 <compare/allcmp/00085-00982_circ427.eps>
File: compare/allcmp/00085-01100_circ647.eps Graphic file (type eps)

<compare/allcmp/00085-01100_circ647.eps>
File: compare/allcmp/00270-theory.eps Graphic file (type eps)
 <compare/allcmp/00270-theory.eps>
File: compare/allcmp/blank.eps Graphic file (type eps)

<compare/allcmp/blank.eps>
File: compare/allcmp/00270-scatter.eps Graphic file (type eps)
 <compare/allcmp/00270-scatter.eps>
File: compare/allcmp/blank.eps Graphic file (type eps)

<compare/allcmp/blank.eps>
File: compare/allcmp/00270-00111_circ647.eps Graphic file (type eps)
 <compare/allcmp/00270-00111_circ647.eps>
File: compare/allcmp/00270-00188_circ515.eps Graphic file (type eps)

<compare/allcmp/00270-00188_circ515.eps>
File: compare/allcmp/cbs-00016-theory.eps Graphic file (type eps)
 <compare/allcmp/cbs-00016-theory.eps>
File: compare/allcmp/cbs-00160-theorya.eps Graphic file (type eps)

<compare/allcmp/cbs-00160-theorya.eps>
File: compare/allcmp/cbs-00233-theorya.eps Graphic file (type eps)
 <compare/allcmp/cbs-00233-theorya.eps>
File: compare/allcmp/cbs-00016-scatter-notr.eps Graphic file (type eps)

<compare/allcmp/cbs-00016-scatter-notr.eps>
File: compare/allcmp/cbs-00160-scatter-notr.eps Graphic file (type eps)

<compare/allcmp/cbs-00160-scatter-notr.eps>
File: compare/allcmp/cbs-00233-scatter-notr.eps Graphic file (type eps)

<compare/allcmp/cbs-00233-scatter-notr.eps>
File: compare/allcmp/cbs-00016-theoryb.eps Graphic file (type eps)

<compare/allcmp/cbs-00016-theoryb.eps>
File: compare/allcmp/cbs-00160-theoryb.eps Graphic file (type eps)
 <compare/allcmp/cbs-00160-theoryb.eps>
File: compare/allcmp/cbs-00233-theoryb.eps Graphic file (type eps)

<compare/allcmp/cbs-00233-theoryb.eps>
File: compare/allcmp/cbs-00016-scatter-withtr.eps Graphic file (type eps)

<compare/allcmp/cbs-00016-scatter-withtr.eps>
File: compare/allcmp/cbs-00160-scatter-withtr.eps Graphic file (type eps)

<compare/allcmp/cbs-00160-scatter-withtr.eps>
File: compare/allcmp/cbs-00233-scatter-withtr.eps Graphic file (type eps)

<compare/allcmp/cbs-00233-scatter-withtr.eps>
File: compare/allcmp/d1-theory.eps Graphic file (type eps)
 <compare/allcmp/d1-theory.eps>
File: compare/allcmp/d1-00213-scatter.eps Graphic file (type eps)

<compare/allcmp/d1-00213-scatter.eps>
File: compare/allcmp/d1-experiment.eps Graphic file (type eps)
 <compare/allcmp/d1-experiment.eps>
File: compare/allcmp/o1-00000_circ538.eps Graphic file (type eps)

<compare/allcmp/o1-00000_circ538.eps>
File: compare/allcmp/o1-01795_circ645.eps Graphic file (type eps)
 <compare/allcmp/o1-01795_circ645.eps>
File: compare/allcmp/o1-01843_circ645.eps Graphic file (type eps)

<compare/allcmp/o1-01843_circ645.eps>) (./appendix/appendix.tex
(./common/permute0.tex)
File: primarystripes/0.eps Graphic file (type eps)
 <primarystripes/0.eps> (./common/permute1.tex)
File: primarystripes/1.eps Graphic file (type eps)

<primarystripes/1.eps> (./common/permute2.tex)
File: primarystripes/2.eps Graphic file (type eps)
 <primarystripes/2.eps>
(./common/permute3.tex)
File: primarystripes/3.eps Graphic file (type eps)
 <primarystripes/3.eps> (./common/permute4.tex)
File: primarystripes/4.eps Graphic file (type eps)

<primarystripes/4.eps> (./common/permute5.tex)
File: primarystripes/5.eps Graphic file (type eps)
 <primarystripes/5.eps>
(./common/permute6.tex)
File: primarystripes/6.eps Graphic file (type eps)
 <primarystripes/6.eps> (./common/permute7.tex)
File: primarystripes/7.eps Graphic file (type eps)

<primarystripes/7.eps> (./common/permute8.tex)
File: primarystripes/8.eps Graphic file (type eps)
 <primarystripes/8.eps>
(./common/permute9.tex)
File: primarystripes/9.eps Graphic file (type eps)
 <primarystripes/9.eps> (./common/permute10.tex)
File: primarystripes/10.eps Graphic file (type eps)

<primarystripes/10.eps> (./common/permute11.tex)
File: primarystripes/11.eps Graphic file (type eps)
 <primarystripes/11.eps>
(./common/permute12.tex)
File: primarystripes/12.eps Graphic file (type eps)
 <primarystripes/12.eps> (./common/permute14.tex)
File: primarystripes/14.eps Graphic file (type eps)

<primarystripes/14.eps> (./common/permute0.tex)
File: primarystripes/0.-intensity.eps Graphic file (type eps)

<primarystripes/0.-intensity.eps> (./common/permute1.tex)
File: primarystripes/1.-intensity.eps Graphic file (type eps)

<primarystripes/1.-intensity.eps> (./common/permute2.tex)
File: primarystripes/2.-intensity.eps Graphic file (type eps)

<primarystripes/2.-intensity.eps> (./common/permute3.tex)
File: primarystripes/3.-intensity.eps Graphic file (type eps)

<primarystripes/3.-intensity.eps> (./common/permute4.tex)
File: primarystripes/4.-intensity.eps Graphic file (type eps)

<primarystripes/4.-intensity.eps> (./common/permute5.tex)
File: primarystripes/5.-intensity.eps Graphic file (type eps)

<primarystripes/5.-intensity.eps> (./common/permute6.tex)
File: primarystripes/6.-intensity.eps Graphic file (type eps)

<primarystripes/6.-intensity.eps> (./common/permute7.tex)
File: primarystripes/7.-intensity.eps Graphic file (type eps)

<primarystripes/7.-intensity.eps> (./common/permute8.tex)
File: primarystripes/8.-intensity.eps Graphic file (type eps)

<primarystripes/8.-intensity.eps> (./common/permute9.tex)
File: primarystripes/9.-intensity.eps Graphic file (type eps)

<primarystripes/9.-intensity.eps> (./common/permute10.tex)
File: primarystripes/10.-intensity.eps Graphic file (type eps)

<primarystripes/10.-intensity.eps> (./common/permute11.tex)
File: primarystripes/11.-intensity.eps Graphic file (type eps)

<primarystripes/11.-intensity.eps> (./common/permute12.tex)
File: primarystripes/12.-intensity.eps Graphic file (type eps)

<primarystripes/12.-intensity.eps> (./common/permute14.tex)
File: primarystripes/14.-intensity.eps Graphic file (type eps)

<primarystripes/14.-intensity.eps> (./common/permute0.tex)
(./stats/ringpdf0.tex) (./common/permute1.tex) (./stats/ringpdf1.tex)
(./common/permute2.tex) (./stats/ringpdf2.tex) (./common/permute3.tex)
(./stats/ringpdf3.tex) (./common/permute4.tex) (./stats/ringpdf4.tex)
(./common/permute5.tex) (./stats/ringpdf5.tex) (./common/permute6.tex)
(./stats/ringpdf6.tex) (./common/permute7.tex) (./stats/ringpdf7.tex)
(./common/permute8.tex) (./stats/ringpdf8.tex) (./common/permute9.tex)
(./stats/ringpdf9.tex) (./common/permute10.tex) (./stats/ringpdf10.tex)
(./common/permute11.tex) (./stats/ringpdf11.tex) (./common/permute12.tex)
(./stats/ringpdf12.tex) (./common/permute14.tex) (./stats/ringpdf14.tex)
(./common/permute0.tex) (./stats/nhist0.tex) (./stats/snhist0.tex)
(./common/permute1.tex) (./stats/nhist1.tex) (./stats/snhist1.tex)
(./common/permute2.tex) (./stats/nhist2.tex) (./stats/snhist2.tex)
(./common/permute3.tex) (./stats/nhist3.tex) (./stats/snhist3.tex)
(./common/permute4.tex) (./stats/nhist4.tex) (./stats/snhist4.tex)
(./common/permute5.tex) (./stats/nhist5.tex) (./stats/snhist5.tex)
(./common/permute6.tex) (./stats/nhist6.tex) (./stats/snhist6.tex)
(./common/permute7.tex) (./stats/nhist7.tex) (./stats/snhist7.tex)
(./common/permute8.tex) (./stats/nhist8.tex) (./stats/snhist8.tex)
(./common/permute9.tex) (./stats/nhist9.tex) (./stats/snhist9.tex)
(./common/permute10.tex) (./stats/nhist10.tex) (./stats/snhist10.tex)
(./common/permute11.tex) (./stats/nhist11.tex) (./stats/snhist11.tex)
(./common/permute12.tex) (./stats/nhist12.tex) (./stats/snhist12.tex)
(./common/permute14.tex) (./stats/nhist14.tex) (./stats/snhist14.tex)
(./common/permute0.tex) (./common/permute1.tex) (./common/permute2.tex)
(./common/permute3.tex) (./common/permute4.tex) (./common/permute5.tex)
(./common/permute6.tex) (./common/permute7.tex) (./common/permute8.tex)
(./common/permute9.tex) (./common/permute10.tex) (./common/permute11.tex)
(./common/permute12.tex) (./common/permute14.tex)
File: vortex/sbs.eps Graphic file (type eps)
 <vortex/sbs.eps>
Underfull \hbox (badness 10000) in paragraph at lines 227--227

 []


Underfull \hbox (badness 10000) in paragraph at lines 231--231

 []

) (./radialac/radialac.tex
File: radialac/1b.eps Graphic file (type eps)
 <radialac/1b.eps>
File: radialac/2b.eps Graphic file (type eps)
 <radialac/2b.eps>
File: radialac/3b.eps Graphic file (type eps)

<radialac/3b.eps>
File: radialac/4b.eps Graphic file (type eps)
 <radialac/4b.eps>
File: radialac/5b.eps Graphic file (type eps)
 <radialac/5b.eps>
File: radialac/6b.eps Graphic file (type eps)
 <radialac/6b.eps>)
[10] [11] [12] [13] [14] [15] [16] [17] [18] [19] [20] (./writeup.aux) ) 
Here is how much of TeX's memory you used:
 8620 strings out of 495047
 123340 string characters out of 1181960
 1963190 words of memory out of 3000000
 11163 multiletter control sequences out of 15000+50000
 18589 words of font info for 73 fonts, out of 3000000 for 9000
 28 hyphenation exceptions out of 8191
 53i,17n,72p,1132b,693s stack positions out of 5000i,500n,10000p,200000b,50000s

Output written on writeup.dvi (20 pages, 1709556 bytes).
